Using pre-set license
Built from '2020.3/staging' branch; Version is '2020.3.22f1 (e1a7f79fd887) revision 14788599'; Using compiler version '192528614'; Build Type 'Release'
OS: 'Windows 10 Home Single Language; OS build 19044.1706; Version 2009; 64bit' Language: 'en' Physical Memory: 3521 MB
BatchMode: 1, IsHumanControllingUs: 0, StartBugReporterOnCrash: 0, Is64bit: 1, IsPro: 0

COMMAND LINE ARGUMENTS:
C:\Program Files\Unity\Hub\Editor\2020.3.22f1\Editor\Unity.exe
-adb2
-batchMode
-noUpm
-name
AssetImportWorker0
-projectPath
C:/Users/Harvey/NinjaAdventure
-logFile
Logs/AssetImportWorker0.log
-srvPort
58857
Successfully changed project path to: C:/Users/Harvey/NinjaAdventure
C:/Users/Harvey/NinjaAdventure
Using Asset Import Pipeline V2.
Refreshing native plugins compatible for Editor in 68.04 ms, found 3 plugins.
Preloading 0 native plugins for Editor in 0.00 ms.
Initialize engine version: 2020.3.22f1 (e1a7f79fd887)
[Subsystems] Discovering subsystems at path C:/Program Files/Unity/Hub/Editor/2020.3.22f1/Editor/Data/Resources/UnitySubsystems
[Subsystems] Discovering subsystems at path C:/Users/Harvey/NinjaAdventure/Assets
GfxDevice: creating device client; threaded=0
Direct3D:
    Version:  Direct3D 11.0 [level 11.1]
    Renderer: AMD Radeon(TM) Graphics (ID=0x15d8)
    Vendor:   
    VRAM:     1760 MB
    Driver:   27.20.11030.11001
Initialize mono
Mono path[0] = 'C:/Program Files/Unity/Hub/Editor/2020.3.22f1/Editor/Data/Managed'
Mono path[1] = 'C:/Program Files/Unity/Hub/Editor/2020.3.22f1/Editor/Data/MonoBleedingEdge/lib/mono/unityjit'
Mono config path = 'C:/Program Files/Unity/Hub/Editor/2020.3.22f1/Editor/Data/MonoBleedingEdge/etc'
Using monoOptions --debugger-agent=transport=dt_socket,embedding=1,server=y,suspend=n,address=127.0.0.1:56104
Begin MonoManager ReloadAssembly
Registering precompiled unity dll's ...
Register platform support module: C:/Program Files/Unity/Hub/Editor/2020.3.22f1/Editor/Data/PlaybackEngines/WindowsStandaloneSupport/UnityEditor.WindowsStandalone.Extensions.dll
Registered in 0.005229 seconds.
Native extension for WindowsStandalone target not found
Refreshing native plugins compatible for Editor in 83.42 ms, found 3 plugins.
Preloading 0 native plugins for Editor in 0.00 ms.
Mono: successfully reloaded assembly
- Completed reload, in  4.399 seconds
Domain Reload Profiling:
	ReloadAssembly (4400ms)
		BeginReloadAssembly (90ms)
			ExecutionOrderSort (0ms)
			DisableScriptedObjects (0ms)
			BackupInstance (0ms)
			ReleaseScriptingObjects (0ms)
			CreateAndSetChildDomain (1ms)
		EndReloadAssembly (805ms)
			LoadAssemblies (87ms)
			RebuildTransferFunctionScriptingTraits (0ms)
			SetupTypeCache (285ms)
			ReleaseScriptCaches (0ms)
			RebuildScriptCaches (44ms)
			SetupLoadedEditorAssemblies (304ms)
				LogAssemblyErrors (0ms)
				InitializePlatformSupportModulesInManaged (6ms)
				SetLoadedEditorAssemblies (0ms)
				RefreshPlugins (84ms)
				BeforeProcessingInitializeOnLoad (28ms)
				ProcessInitializeOnLoadAttributes (135ms)
				ProcessInitializeOnLoadMethodAttributes (47ms)
				AfterProcessingInitializeOnLoad (0ms)
				EditorAssembliesLoaded (4ms)
			ExecutionOrderSort2 (0ms)
			AwakeInstancesAfterBackupRestoration (0ms)
Platform modules already initialized, skipping
Registering precompiled user dll's ...
Registered in 0.032759 seconds.
Begin MonoManager ReloadAssembly
Native extension for WindowsStandalone target not found
Refreshing native plugins compatible for Editor in 66.03 ms, found 3 plugins.
Preloading 0 native plugins for Editor in 0.00 ms.
Mono: successfully reloaded assembly
- Completed reload, in  2.392 seconds
Domain Reload Profiling:
	ReloadAssembly (2393ms)
		BeginReloadAssembly (231ms)
			ExecutionOrderSort (0ms)
			DisableScriptedObjects (8ms)
			BackupInstance (0ms)
			ReleaseScriptingObjects (0ms)
			CreateAndSetChildDomain (29ms)
		EndReloadAssembly (2055ms)
			LoadAssemblies (695ms)
			RebuildTransferFunctionScriptingTraits (0ms)
			SetupTypeCache (495ms)
			ReleaseScriptCaches (1ms)
			RebuildScriptCaches (85ms)
			SetupLoadedEditorAssemblies (559ms)
				LogAssemblyErrors (0ms)
				InitializePlatformSupportModulesInManaged (6ms)
				SetLoadedEditorAssemblies (0ms)
				RefreshPlugins (66ms)
				BeforeProcessingInitializeOnLoad (129ms)
				ProcessInitializeOnLoadAttributes (316ms)
				ProcessInitializeOnLoadMethodAttributes (29ms)
				AfterProcessingInitializeOnLoad (11ms)
				EditorAssembliesLoaded (0ms)
			ExecutionOrderSort2 (0ms)
			AwakeInstancesAfterBackupRestoration (10ms)
Platform modules already initialized, skipping
========================================================================
Worker process is ready to serve import requests
Launched and connected shader compiler UnityShaderCompiler.exe after 0.11 seconds
Refreshing native plugins compatible for Editor in 0.74 ms, found 3 plugins.
Preloading 0 native plugins for Editor in 0.00 ms.
Unloading 2182 Unused Serialized files (Serialized files now loaded: 0)
System memory in use before: 95.5 MB.
System memory in use after: 95.6 MB.

Unloading 28 unused Assets to reduce memory usage. Loaded Objects now: 2615.
Total: 5.288000 ms (FindLiveObjects: 0.277300 ms CreateObjectMapping: 0.062700 ms MarkObjects: 4.804100 ms  DeleteObjects: 0.141700 ms)

AssetImportParameters requested are different than current active one (requested -> active):
  custom:framework-win-MediaFoundation: 216162199b28c13a410421893ffa2e32 -> 
  custom:video-decoder-ogg-theora: a1e56fd34408186e4bbccfd4996cb3dc -> 
  custom:container-muxer-webm: aa71ff27fc2769a1b78a27578f13a17b -> 
  custom:container-demuxer-webm: 4f35f7cbe854078d1ac9338744f61a02 -> 
  custom:container-demuxer-ogg: 62fdf1f143b41e24485cea50d1cbac27 -> 
  custom:video-encoder-webm-vp8: eb34c28f22e8b96e1ab97ce403110664 -> 
  custom:video-decoder-webm-vp8: 9c59270c3fd7afecdb556c50c9e8de78 -> 
  custom:audio-decoder-ogg-vorbis: bf7c407c2cedff20999df2af8eb42d56 -> 
  custom:audio-encoder-webm-vorbis: bf7c407c2cedff20999df2af8eb42d56 -> 
========================================================================
Received Import Request.
  path: Assets/cavesofgallet_tiles.png
  artifactKey: Guid(37e18e30f12bd294da9033a5c68f2a07) Importer(815301076,1909f56bfc062723c751e8b465ee728b)
Start importing Assets/cavesofgallet_tiles.png using Guid(37e18e30f12bd294da9033a5c68f2a07) Importer(815301076,1909f56bfc062723c751e8b465ee728b)  -> (artifact id: 'd7c91fe2717d4f9e03c14589be13440c') in 0.235359 seconds 
  Import took 0.241751 seconds .

========================================================================
Received Import Request.
  Time since last request: 7.086046 seconds.
  path: Assets/cavesofgallet_tiles.png
  artifactKey: Guid(37e18e30f12bd294da9033a5c68f2a07) Importer(815301076,1909f56bfc062723c751e8b465ee728b)
Start importing Assets/cavesofgallet_tiles.png using Guid(37e18e30f12bd294da9033a5c68f2a07) Importer(815301076,1909f56bfc062723c751e8b465ee728b)  -> (artifact id: '32c8e94fb8db1a6df510dd950634aaa3') in 0.045985 seconds 
  Import took 0.064157 seconds .

========================================================================
Received Import Request.
  Time since last request: 40.298965 seconds.
  path: Assets/cavesofgallet_tiles.png
  artifactKey: Guid(37e18e30f12bd294da9033a5c68f2a07) Importer(815301076,1909f56bfc062723c751e8b465ee728b)
Start importing Assets/cavesofgallet_tiles.png using Guid(37e18e30f12bd294da9033a5c68f2a07) Importer(815301076,1909f56bfc062723c751e8b465ee728b)  -> (artifact id: 'c1490b37882da289a3966c1c7aed27ca') in 0.357501 seconds 
  Import took 0.365863 seconds .

========================================================================
Received Import Request.
  Time since last request: 2.763600 seconds.
  path: Assets
  artifactKey: Guid(00000000000000001000000000000000) Importer(815301076,1909f56bfc062723c751e8b465ee728b)
Start importing Assets using Guid(00000000000000001000000000000000) Importer(815301076,1909f56bfc062723c751e8b465ee728b)  -> (artifact id: '42d402b061de3733987d63b9cc3b64de') in 0.015325 seconds 
  Import took 0.022228 seconds .

========================================================================
Received Import Request.
  Time since last request: 91.162874 seconds.
  path: Assets/tile pallet
  artifactKey: Guid(727a73ce86d62834db76288da18ef2da) Importer(815301076,1909f56bfc062723c751e8b465ee728b)
Start importing Assets/tile pallet using Guid(727a73ce86d62834db76288da18ef2da) Importer(815301076,1909f56bfc062723c751e8b465ee728b)  -> (artifact id: 'c360350c5829cfef395f23109b7669c4') in 0.017517 seconds 
  Import took 0.024719 seconds .

========================================================================
Received Import Request.
  Time since last request: 29.122725 seconds.
  path: Assets/cavesofgallet_tiles.png
  artifactKey: Guid(37e18e30f12bd294da9033a5c68f2a07) Importer(815301076,1909f56bfc062723c751e8b465ee728b)
Start importing Assets/cavesofgallet_tiles.png using Guid(37e18e30f12bd294da9033a5c68f2a07) Importer(815301076,1909f56bfc062723c751e8b465ee728b)  -> (artifact id: '195e1f27758042542d33648e928f9b40') in 0.627487 seconds 
  Import took 0.633681 seconds .

========================================================================
Received Import Request.
  Time since last request: 221.568114 seconds.
  path: Assets/ninja.png
  artifactKey: Guid(cef21e5e56bf5304d8af145f7130dee6) Importer(815301076,1909f56bfc062723c751e8b465ee728b)
Start importing Assets/ninja.png using Guid(cef21e5e56bf5304d8af145f7130dee6) Importer(815301076,1909f56bfc062723c751e8b465ee728b)  -> (artifact id: '5ea3a212d8b50af97c0d2c0370dab4be') in 0.046042 seconds 
  Import took 0.053197 seconds .

========================================================================
Received Import Request.
  Time since last request: 28.796986 seconds.
  path: Assets/ninja.png
  artifactKey: Guid(cef21e5e56bf5304d8af145f7130dee6) Importer(815301076,1909f56bfc062723c751e8b465ee728b)
Start importing Assets/ninja.png using Guid(cef21e5e56bf5304d8af145f7130dee6) Importer(815301076,1909f56bfc062723c751e8b465ee728b)  -> (artifact id: '961c3cc6be07209fb7ec0c05ed21437a') in 0.054285 seconds 
  Import took 0.058519 seconds .

========================================================================
Received Import Request.
  Time since last request: 5.379832 seconds.
  path: Assets/ninja.png
  artifactKey: Guid(cef21e5e56bf5304d8af145f7130dee6) Importer(815301076,1909f56bfc062723c751e8b465ee728b)
Start importing Assets/ninja.png using Guid(cef21e5e56bf5304d8af145f7130dee6) Importer(815301076,1909f56bfc062723c751e8b465ee728b)  -> (artifact id: '6ef59cdc81c9df734daeeff4c44b5897') in 0.039609 seconds 
  Import took 0.047730 seconds .

========================================================================
Received Import Request.
  Time since last request: 19.102352 seconds.
  path: Assets/ninja.png
  artifactKey: Guid(cef21e5e56bf5304d8af145f7130dee6) Importer(815301076,1909f56bfc062723c751e8b465ee728b)
Start importing Assets/ninja.png using Guid(cef21e5e56bf5304d8af145f7130dee6) Importer(815301076,1909f56bfc062723c751e8b465ee728b)  -> (artifact id: '40f92960ebed261b4b026930ba6d683c') in 0.099827 seconds 
  Import took 0.107867 seconds .

========================================================================
Received Import Request.
  Time since last request: 4304.991179 seconds.
  path: Assets/objects.png
  artifactKey: Guid(5b9a387f026dd7347a7dadd0a955a81e) Importer(815301076,1909f56bfc062723c751e8b465ee728b)
Start importing Assets/objects.png using Guid(5b9a387f026dd7347a7dadd0a955a81e) Importer(815301076,1909f56bfc062723c751e8b465ee728b)  -> (artifact id: '6c4f3dd32a2b3e752d717dab434de751') in 0.064643 seconds 
  Import took 0.121378 seconds .

AssetImportWorkerClient::OnTransportError - code=2 error=End of file
